[33m[nodemon] 1.19.0[39m
[33m[nodemon] to restart at any time, enter `rs`[39m
[33m[nodemon] watching: *.*[39m
[32m[nodemon] starting `node ./bin/www start`[39m
Listening on port 8080
placed draft order with id=180756250660
options.uri- https://testtrigu.myshopify.com/admin/api/2019-04/draft_orders/180756250660/complete.json
successfully completed order for id=180756250660
placed draft order with id=180756316196
options.uri- https://testtrigu.myshopify.com/admin/api/2019-04/draft_orders/180756316196/complete.json
successfully completed order for id=180756316196
placed draft order with id=180756348964
options.uri- https://testtrigu.myshopify.com/admin/api/2019-04/draft_orders/180756348964/complete.json
successfully completed order for id=180756348964
placed draft order with id=180756381732
options.uri- https://testtrigu.myshopify.com/admin/api/2019-04/draft_orders/180756381732/complete.json
successfully completed order for id=180756381732
placed draft order with id=180756447268
options.uri- https://testtrigu.myshopify.com/admin/api/2019-04/draft_orders/180756447268/complete.json
unable to complete order for id=180756447268, error=StatusCodeError: 429 - "{\"errors\":\"Exceeded draft order API rate limit, please try again in a minute. Upgrade to a paid account to remove this limit.\"}"
placed draft order with id=180756545572
options.uri- https://testtrigu.myshopify.com/admin/api/2019-04/draft_orders/180756545572/complete.json
unable to complete order for id=180756545572, error=StatusCodeError: 429 - "{\"errors\":\"Exceeded draft order API rate limit, please try again in a minute. Upgrade to a paid account to remove this limit.\"}"
placed draft order with id=180756578340
options.uri- https://testtrigu.myshopify.com/admin/api/2019-04/draft_orders/180756578340/complete.json
unable to complete order for id=180756578340, error=StatusCodeError: 429 - "{\"errors\":\"Exceeded draft order API rate limit, please try again in a minute. Upgrade to a paid account to remove this limit.\"}"
placed draft order with id=180756611108
options.uri- https://testtrigu.myshopify.com/admin/api/2019-04/draft_orders/180756611108/complete.json
unable to complete order for id=180756611108, error=StatusCodeError: 429 - "{\"errors\":\"Exceeded draft order API rate limit, please try again in a minute. Upgrade to a paid account to remove this limit.\"}"
placed draft order with id=180756643876
options.uri- https://testtrigu.myshopify.com/admin/api/2019-04/draft_orders/180756643876/complete.json
unable to complete order for id=180756643876, error=StatusCodeError: 429 - "{\"errors\":\"Exceeded draft order API rate limit, please try again in a minute. Upgrade to a paid account to remove this limit.\"}"
placed draft order with id=180756676644
options.uri- https://testtrigu.myshopify.com/admin/api/2019-04/draft_orders/180756676644/complete.json
unable to complete order for id=180756676644, error=StatusCodeError: 429 - "{\"errors\":\"Exceeded draft order API rate limit, please try again in a minute. Upgrade to a paid account to remove this limit.\"}"
[0mPOST /draft [32m200 [0m26416.085 ms - 2[0m
[33m[nodemon] 1.19.0[39m
[33m[nodemon] to restart at any time, enter `rs`[39m
[33m[nodemon] watching: *.*[39m
[32m[nodemon] starting `node ./bin/www start`[39m
Listening on port 8080
[32m[nodemon] restarting due to changes...[39m
[32m[nodemon] starting `node ./bin/www start`[39m
Listening on port 8080
[33m[nodemon] 1.19.0[39m
[33m[nodemon] to restart at any time, enter `rs`[39m
[33m[nodemon] watching: *.*[39m
[32m[nodemon] starting `node ./bin/www start`[39m
Listening on port 8080
[0mPOST /draft [32m200 [0m41.336 ms - 2[0m
placed draft order with id=180858585124
successfully completed order for id=180858585124
placed draft order with id=180858617892
successfully completed order for id=180858617892
placed draft order with id=180858650660
successfully completed order for id=180858650660
placed draft order with id=180858716196
successfully completed order for id=180858716196
placed draft order with id=180858781732
unable to complete order for id=180858781732, error=StatusCodeError: 429 - "{\"errors\":\"Exceeded draft order API rate limit, please try again in a minute. Upgrade to a paid account to remove this limit.\"}"
placed draft order with id=180858814500
successfully completed order for id=180858814500
placed draft order with id=180858880036
successfully completed order for id=180858880036
placed draft order with id=180858945572
successfully completed order for id=180858945572
placed draft order with id=180859011108
successfully completed order for id=180859011108
placed draft order with id=180859109412
unable to complete order for id=180859109412, error=StatusCodeError: 429 - "{\"errors\":\"Exceeded draft order API rate limit, please try again in a minute. Upgrade to a paid account to remove this limit.\"}"
placed draft order with id=180859207716
successfully completed order for id=180859207716
placed draft order with id=180859306020
successfully completed order for id=180859306020
placed draft order with id=180859338788
successfully completed order for id=180859338788
placed draft order with id=180859371556
successfully completed order for id=180859371556
placed draft order with id=180859404324
unable to complete order for id=180859404324, error=StatusCodeError: 429 - "{\"errors\":\"Exceeded draft order API rate limit, please try again in a minute. Upgrade to a paid account to remove this limit.\"}"
placed draft order with id=180859469860
successfully completed order for id=180859469860
placed draft order with id=180859502628
successfully completed order for id=180859502628
placed draft order with id=180859600932
successfully completed order for id=180859600932
placed draft order with id=180859633700
successfully completed order for id=180859633700
placed draft order with id=180859699236
unable to complete order for id=180859699236, error=StatusCodeError: 429 - "{\"errors\":\"Exceeded draft order API rate limit, please try again in a minute. Upgrade to a paid account to remove this limit.\"}"
placed draft order with id=180859764772
successfully completed order for id=180859764772
placed draft order with id=180859830308
successfully completed order for id=180859830308
placed draft order with id=180859895844
successfully completed order for id=180859895844
placed draft order with id=180859961380
successfully completed order for id=180859961380
placed draft order with id=180859994148
successfully completed order for id=180859994148
placed draft order with id=180860059684
successfully completed order for id=180860059684
placed draft order with id=180860125220
successfully completed order for id=180860125220
placed draft order with id=180860157988
unable to complete order for id=180860157988, error=StatusCodeError: 429 - "{\"errors\":\"Exceeded draft order API rate limit, please try again in a minute. Upgrade to a paid account to remove this limit.\"}"
placed draft order with id=180860190756
successfully completed order for id=180860190756
placed draft order with id=180860256292
successfully completed order for id=180860256292
placed draft order with id=180860289060
successfully completed order for id=180860289060
placed draft order with id=180860387364
successfully completed order for id=180860387364
placed draft order with id=180860420132
unable to complete order for id=180860420132, error=StatusCodeError: 429 - "{\"errors\":\"Exceeded draft order API rate limit, please try again in a minute. Upgrade to a paid account to remove this limit.\"}"
placed draft order with id=180860518436
successfully completed order for id=180860518436
placed draft order with id=180860551204
successfully completed order for id=180860551204
placed draft order with id=180860616740
successfully completed order for id=180860616740
placed draft order with id=180860682276
successfully completed order for id=180860682276
placed draft order with id=180860715044
unable to complete order for id=180860715044, error=StatusCodeError: 429 - "{\"errors\":\"Exceeded draft order API rate limit, please try again in a minute. Upgrade to a paid account to remove this limit.\"}"
placed draft order with id=180860813348
successfully completed order for id=180860813348
placed draft order with id=180860944420
successfully completed order for id=180860944420
placed draft order with id=180861075492
successfully completed order for id=180861075492
placed draft order with id=180861108260
successfully completed order for id=180861108260
placed draft order with id=180861206564
unable to complete order for id=180861206564, error=StatusCodeError: 429 - "{\"errors\":\"Exceeded draft order API rate limit, please try again in a minute. Upgrade to a paid account to remove this limit.\"}"
placed draft order with id=180861239332
successfully completed order for id=180861239332
placed draft order with id=180861435940
successfully completed order for id=180861435940
placed draft order with id=180861468708
successfully completed order for id=180861468708
placed draft order with id=180861501476
successfully completed order for id=180861501476
placed draft order with id=180861567012
unable to complete order for id=180861567012, error=StatusCodeError: 429 - "{\"errors\":\"Exceeded draft order API rate limit, please try again in a minute. Upgrade to a paid account to remove this limit.\"}"
placed draft order with id=180861632548
successfully completed order for id=180861632548
placed draft order with id=180861796388
successfully completed order for id=180861796388
[33m[nodemon] 1.19.0[39m
[33m[nodemon] to restart at any time, enter `rs`[39m
[33m[nodemon] watching: *.*[39m
[32m[nodemon] starting `node ./bin/www start`[39m
Listening on port 8080
trying 0
[0mPOST /draft [32m200 [0m18.452 ms - 2[0m
Unable to send request- StatusCodeError: 422 - {"errors":{"line_items[0].title":["can't be blank"],"line_items[0].price":["is not a number"]}}
[33m[nodemon] 1.19.0[39m
[33m[nodemon] to restart at any time, enter `rs`[39m
[33m[nodemon] watching: *.*[39m
[32m[nodemon] starting `node ./bin/www start`[39m
Listening on port 8080
trying 0
[0mPOST /draft [32m200 [0m16.542 ms - 2[0m
Unable to send request- StatusCodeError: 422 - {"errors":{"line_items[0].title":["can't be blank"],"line_items[0].price":["is not a number"]}}
[32m[nodemon] restarting due to changes...[39m
[32m[nodemon] starting `node ./bin/www start`[39m
Listening on port 8080
[32m[nodemon] restarting due to changes...[39m
[32m[nodemon] starting `node ./bin/www start`[39m
[32m[nodemon] restarting due to changes...[39m
Listening on port 8080
[32m[nodemon] starting `node ./bin/www start`[39m
[32m[nodemon] restarting due to changes...[39m
[32m[nodemon] starting `node ./bin/www start`[39m
[32m[nodemon] restarting due to changes...[39m
[32m[nodemon] starting `node ./bin/www start`[39m
[32m[nodemon] restarting due to changes...[39m
[32m[nodemon] starting `node ./bin/www start`[39m
[32m[nodemon] restarting due to changes...[39m
[32m[nodemon] starting `node ./bin/www start`[39m
[32m[nodemon] restarting due to changes...[39m
[32m[nodemon] starting `node ./bin/www start`[39m
Listening on port 8080
[32m[nodemon] restarting due to changes...[39m
[32m[nodemon] starting `node ./bin/www start`[39m
[32m[nodemon] restarting due to changes...[39m
[32m[nodemon] starting `node ./bin/www start`[39m
[32m[nodemon] restarting due to changes...[39m
[32m[nodemon] starting `node ./bin/www start`[39m
[32m[nodemon] restarting due to changes...[39m
Listening on port 8080
[32m[nodemon] starting `node ./bin/www start`[39m
Listening on port 8080
[32m[nodemon] restarting due to changes...[39m
[32m[nodemon] starting `node ./bin/www start`[39m
Listening on port 8080
[32m[nodemon] restarting due to changes...[39m
[32m[nodemon] starting `node ./bin/www start`[39m
[32m[nodemon] restarting due to changes...[39m
[32m[nodemon] starting `node ./bin/www start`[39m
Listening on port 8080
[32m[nodemon] restarting due to changes...[39m
[32m[nodemon] starting `node ./bin/www start`[39m
[32m[nodemon] restarting due to changes...[39m
[32m[nodemon] starting `node ./bin/www start`[39m
[32m[nodemon] restarting due to changes...[39m
[32m[nodemon] starting `node ./bin/www start`[39m
[32m[nodemon] restarting due to changes...[39m
[32m[nodemon] starting `node ./bin/www start`[39m
Listening on port 8080
[32m[nodemon] restarting due to changes...[39m
[32m[nodemon] starting `node ./bin/www start`[39m
Listening on port 8080
trying 0
undefined
[0mPOST /draft [32m200 [0m18.633 ms - 2[0m
Unable to send request- StatusCodeError: 422 - {"errors":{"line_items[0].title":["can't be blank"],"line_items[0].price":["is not a number"]}}
[32m[nodemon] restarting due to changes...[39m
[32m[nodemon] starting `node ./bin/www start`[39m
Listening on port 8080
trying 0
11307904303140
[0mPOST /draft [32m200 [0m14.196 ms - 2[0m
placed draft order with id=180883816484, for variant=11307904303140
successfully completed order for id=180883816484
[32m[nodemon] restarting due to changes...[39m
[32m[nodemon] starting `node ./bin/www start`[39m
[31m[nodemon] app crashed - waiting for file changes before starting...[39m
[32m[nodemon] restarting due to changes...[39m
[32m[nodemon] starting `node ./bin/www start`[39m
Listening on port 8080
trying 0
11307904335908
[0mPOST /draft [32m200 [0m16.687 ms - 2[0m
placed draft order with id=180884144164, for variant=11307904335908
successfully completed order for id=180884144164
trying 0
11307904401444
[0mPOST /draft [32m200 [0m0.643 ms - 2[0m
placed draft order with id=180884209700, for variant=11307904401444
successfully completed order for id=180884209700
trying 1
11307904368676
placed draft order with id=180884242468, for variant=11307904368676
successfully completed order for id=180884242468
trying 2
11307904401444
placed draft order with id=180884308004, for variant=11307904401444
successfully completed order for id=180884308004
trying 3
11307904303140
placed draft order with id=180884373540, for variant=11307904303140
successfully completed order for id=180884373540
trying 4
11307904466980
placed draft order with id=180884504612, for variant=11307904466980
successfully completed order for id=180884504612
trying 5
11307904466980
placed draft order with id=180884537380, for variant=11307904466980
successfully completed order for id=180884537380
trying 6
11307904532516
placed draft order with id=180884570148, for variant=11307904532516
successfully completed order for id=180884570148
trying 7
11307904565284
placed draft order with id=180884602916, for variant=11307904565284
successfully completed order for id=180884602916
trying 8
11307904532516
placed draft order with id=180884635684, for variant=11307904532516
successfully completed order for id=180884635684
trying 9
11307904499748
placed draft order with id=180884701220, for variant=11307904499748
successfully completed order for id=180884701220
[32m[nodemon] restarting due to changes...[39m
[32m[nodemon] starting `node ./bin/www start`[39m
Listening on port 8080
trying 0
11307904368676
[0mPOST /draft [32m200 [0m35.784 ms - 2[0m
placed draft order with id=180890566692, for variant=11307904368676
successfully completed order for id=180890566692
trying 1
11141258739748
placed draft order with id=180890632228, for variant=11141258739748
successfully completed order for id=180890632228
trying 2
11307904335908
placed draft order with id=180890697764, for variant=11307904335908
successfully completed order for id=180890697764
trying 3
11141258739748
placed draft order with id=180890763300, for variant=11141258739748
successfully completed order for id=180890763300
trying 4
11141258739748
placed draft order with id=180890796068, for variant=11141258739748
successfully completed order for id=180890796068
trying 5
11307904532516
placed draft order with id=180890861604, for variant=11307904532516
successfully completed order for id=180890861604
trying 6
11307904532516
placed draft order with id=180890927140, for variant=11307904532516
successfully completed order for id=180890927140
trying 7
11307904368676
placed draft order with id=180891090980, for variant=11307904368676
successfully completed order for id=180891090980
trying 8
11307904565284
placed draft order with id=180891123748, for variant=11307904565284
successfully completed order for id=180891123748
trying 9
11307904466980
placed draft order with id=180891189284, for variant=11307904466980
successfully completed order for id=180891189284
trying 0
11307904565284
[0mPOST /draft [32m200 [0m0.630 ms - 2[0m
placed draft order with id=180893089828, for variant=11307904565284
successfully completed order for id=180893089828
trying 1
11307904303140
placed draft order with id=180893155364, for variant=11307904303140
successfully completed order for id=180893155364
trying 2
11307904303140
placed draft order with id=180893220900, for variant=11307904303140
successfully completed order for id=180893220900
trying 3
11307904335908
placed draft order with id=180893286436, for variant=11307904335908
successfully completed order for id=180893286436
trying 4
11307904499748
placed draft order with id=180893319204, for variant=11307904499748
successfully completed order for id=180893319204
trying 5
11141258739748
placed draft order with id=180893483044, for variant=11141258739748
successfully completed order for id=180893483044
trying 6
11141258739748
placed draft order with id=180893515812, for variant=11141258739748
successfully completed order for id=180893515812
trying 7
11141258739748
placed draft order with id=180893548580, for variant=11141258739748
successfully completed order for id=180893548580
trying 8
11307904401444
placed draft order with id=180893614116, for variant=11307904401444
successfully completed order for id=180893614116
trying 9
11307904466980
placed draft order with id=180893679652, for variant=11307904466980
successfully completed order for id=180893679652
trying 10
11307904303140
placed draft order with id=180893712420, for variant=11307904303140
successfully completed order for id=180893712420
trying 11
11307904303140
placed draft order with id=180893777956, for variant=11307904303140
successfully completed order for id=180893777956
trying 12
11307904303140
placed draft order with id=180893843492, for variant=11307904303140
successfully completed order for id=180893843492
trying 13
11307904565284
placed draft order with id=180893909028, for variant=11307904565284
successfully completed order for id=180893909028
trying 14
11307904335908
placed draft order with id=180894007332, for variant=11307904335908
successfully completed order for id=180894007332
trying 15
11307904499748
placed draft order with id=180894105636, for variant=11307904499748
successfully completed order for id=180894105636
trying 16
11307904499748
placed draft order with id=180894203940, for variant=11307904499748
successfully completed order for id=180894203940
trying 17
11307904303140
placed draft order with id=180894236708, for variant=11307904303140
successfully completed order for id=180894236708
trying 18
11307904565284
placed draft order with id=180894269476, for variant=11307904565284
successfully completed order for id=180894269476
trying 19
11307904368676
placed draft order with id=180894400548, for variant=11307904368676
successfully completed order for id=180894400548
trying 20
11307904368676
placed draft order with id=180894498852, for variant=11307904368676
successfully completed order for id=180894498852
trying 21
11307904532516
placed draft order with id=180894531620, for variant=11307904532516
successfully completed order for id=180894531620
trying 22
11307904466980
placed draft order with id=180894564388, for variant=11307904466980
successfully completed order for id=180894564388
trying 23
11307904532516
placed draft order with id=180894597156, for variant=11307904532516
successfully completed order for id=180894597156
trying 24
11307904368676
placed draft order with id=180894695460, for variant=11307904368676
successfully completed order for id=180894695460
trying 25
11307904532516
placed draft order with id=180894760996, for variant=11307904532516
successfully completed order for id=180894760996
trying 26
11307904401444
placed draft order with id=180894793764, for variant=11307904401444
successfully completed order for id=180894793764
trying 27
11307904303140
placed draft order with id=180894859300, for variant=11307904303140
successfully completed order for id=180894859300
trying 28
11307904532516
placed draft order with id=180894892068, for variant=11307904532516
successfully completed order for id=180894892068
trying 29
11141258739748
placed draft order with id=180894990372, for variant=11141258739748
successfully completed order for id=180894990372
trying 30
11307904303140
placed draft order with id=180895023140, for variant=11307904303140
successfully completed order for id=180895023140
trying 31
11307904303140
placed draft order with id=180895055908, for variant=11307904303140
successfully completed order for id=180895055908
trying 32
11307904466980
placed draft order with id=180895088676, for variant=11307904466980
successfully completed order for id=180895088676
trying 33
11307904303140
placed draft order with id=180895121444, for variant=11307904303140
successfully completed order for id=180895121444
trying 34
11307904368676
placed draft order with id=180895186980, for variant=11307904368676
successfully completed order for id=180895186980
trying 35
11307904303140
placed draft order with id=180895219748, for variant=11307904303140
successfully completed order for id=180895219748
trying 36
11307904499748
placed draft order with id=180895350820, for variant=11307904499748
successfully completed order for id=180895350820
trying 37
11141258739748
placed draft order with id=180895383588, for variant=11141258739748
successfully completed order for id=180895383588
trying 38
11307904303140
placed draft order with id=180895449124, for variant=11307904303140
successfully completed order for id=180895449124
trying 39
11307904303140
placed draft order with id=180895481892, for variant=11307904303140
successfully completed order for id=180895481892
trying 40
11307904499748
placed draft order with id=180895547428, for variant=11307904499748
successfully completed order for id=180895547428
trying 41
11307904565284
placed draft order with id=180895580196, for variant=11307904565284
successfully completed order for id=180895580196
trying 42
11141258739748
placed draft order with id=180895612964, for variant=11141258739748
successfully completed order for id=180895612964
trying 43
11141258739748
placed draft order with id=180895645732, for variant=11141258739748
successfully completed order for id=180895645732
trying 44
11307904401444
placed draft order with id=180895711268, for variant=11307904401444
successfully completed order for id=180895711268
trying 45
11307904368676
placed draft order with id=180895744036, for variant=11307904368676
successfully completed order for id=180895744036
trying 46
11307904466980
placed draft order with id=180895776804, for variant=11307904466980
successfully completed order for id=180895776804
trying 47
11307904499748
placed draft order with id=180895809572, for variant=11307904499748
successfully completed order for id=180895809572
trying 48
11307904565284
placed draft order with id=180895875108, for variant=11307904565284
successfully completed order for id=180895875108
trying 49
11307904401444
placed draft order with id=180896006180, for variant=11307904401444
successfully completed order for id=180896006180
trying 50
11307904466980
placed draft order with id=180896038948, for variant=11307904466980
successfully completed order for id=180896038948
trying 51
11307904335908
placed draft order with id=180896071716, for variant=11307904335908
successfully completed order for id=180896071716
trying 52
11307904335908
placed draft order with id=180896301092, for variant=11307904335908
successfully completed order for id=180896301092
trying 53
11307904335908
placed draft order with id=180896563236, for variant=11307904335908
successfully completed order for id=180896563236
trying 54
11307904368676
Unable to send request- RequestError: Error: getaddrinfo ENOTFOUND testtrigu.myshopify.com testtrigu.myshopify.com:443
trying 55
11307904401444
placed draft order with id=180896661540, for variant=11307904401444
successfully completed order for id=180896661540
trying 56
11307904335908
placed draft order with id=180896727076, for variant=11307904335908
successfully completed order for id=180896727076
trying 57
11307904565284
placed draft order with id=180896759844, for variant=11307904565284
successfully completed order for id=180896759844
trying 58
11307904565284
placed draft order with id=180896825380, for variant=11307904565284
successfully completed order for id=180896825380
trying 59
11307904532516
placed draft order with id=180896858148, for variant=11307904532516
successfully completed order for id=180896858148
trying 60
11307904303140
placed draft order with id=180896890916, for variant=11307904303140
successfully completed order for id=180896890916
trying 61
11141258739748
placed draft order with id=180896923684, for variant=11141258739748
successfully completed order for id=180896923684
trying 62
11307904335908
placed draft order with id=180896989220, for variant=11307904335908
successfully completed order for id=180896989220
trying 63
11307904368676
placed draft order with id=180897021988, for variant=11307904368676
successfully completed order for id=180897021988
trying 64
11307904368676
placed draft order with id=180897054756, for variant=11307904368676
successfully completed order for id=180897054756
trying 65
11307904335908
placed draft order with id=180897087524, for variant=11307904335908
successfully completed order for id=180897087524
trying 66
11307904401444
placed draft order with id=180897153060, for variant=11307904401444
successfully completed order for id=180897153060
trying 67
11141258739748
placed draft order with id=180897218596, for variant=11141258739748
successfully completed order for id=180897218596
trying 68
11307904401444
placed draft order with id=180897284132, for variant=11307904401444
successfully completed order for id=180897284132
trying 69
11307904466980
placed draft order with id=180897349668, for variant=11307904466980
successfully completed order for id=180897349668
trying 70
11307904565284
placed draft order with id=180897382436, for variant=11307904565284
successfully completed order for id=180897382436
trying 71
11307904532516
placed draft order with id=180897513508, for variant=11307904532516
successfully completed order for id=180897513508
trying 72
11307904499748
placed draft order with id=180897611812, for variant=11307904499748
successfully completed order for id=180897611812
trying 73
11307904368676
placed draft order with id=180897710116, for variant=11307904368676
successfully completed order for id=180897710116
trying 74
11307904303140
placed draft order with id=180897841188, for variant=11307904303140
successfully completed order for id=180897841188
trying 75
11141258739748
placed draft order with id=180897972260, for variant=11141258739748
successfully completed order for id=180897972260
trying 76
11307904499748
placed draft order with id=180898070564, for variant=11307904499748
successfully completed order for id=180898070564
trying 77
11307904335908
placed draft order with id=180898201636, for variant=11307904335908
successfully completed order for id=180898201636
trying 78
11307904335908
placed draft order with id=180898299940, for variant=11307904335908
successfully completed order for id=180898299940
trying 79
11307904335908
placed draft order with id=180898365476, for variant=11307904335908
successfully completed order for id=180898365476
trying 80
11307904303140
placed draft order with id=180898431012, for variant=11307904303140
successfully completed order for id=180898431012
trying 81
11307904335908
placed draft order with id=180898529316, for variant=11307904335908
successfully completed order for id=180898529316
trying 82
11307904499748
placed draft order with id=180898594852, for variant=11307904499748
successfully completed order for id=180898594852
trying 83
11307904368676
placed draft order with id=180898725924, for variant=11307904368676
successfully completed order for id=180898725924
trying 84
11141258739748
placed draft order with id=180898791460, for variant=11141258739748
successfully completed order for id=180898791460
trying 85
11307904368676
placed draft order with id=180898824228, for variant=11307904368676
successfully completed order for id=180898824228
trying 86
11307904368676
placed draft order with id=180898856996, for variant=11307904368676
successfully completed order for id=180898856996
trying 87
11307904401444
placed draft order with id=180898955300, for variant=11307904401444
successfully completed order for id=180898955300
trying 88
11307904368676
placed draft order with id=180899053604, for variant=11307904368676
successfully completed order for id=180899053604
trying 89
11307904303140
placed draft order with id=180899086372, for variant=11307904303140
successfully completed order for id=180899086372
trying 90
11141258739748
placed draft order with id=180899119140, for variant=11141258739748
successfully completed order for id=180899119140
trying 91
11141258739748
placed draft order with id=180899217444, for variant=11141258739748
successfully completed order for id=180899217444
trying 92
11307904335908
placed draft order with id=180899250212, for variant=11307904335908
successfully completed order for id=180899250212
trying 93
11307904466980
placed draft order with id=180899282980, for variant=11307904466980
successfully completed order for id=180899282980
trying 94
11307904368676
placed draft order with id=180899315748, for variant=11307904368676
successfully completed order for id=180899315748
trying 95
11307904335908
placed draft order with id=180899414052, for variant=11307904335908
successfully completed order for id=180899414052
trying 96
11307904303140
placed draft order with id=180899479588, for variant=11307904303140
successfully completed order for id=180899479588
trying 97
11307904565284
placed draft order with id=180899512356, for variant=11307904565284
successfully completed order for id=180899512356
trying 98
11307904335908
placed draft order with id=180899577892, for variant=11307904335908
successfully completed order for id=180899577892
trying 99
11307904335908
placed draft order with id=180899643428, for variant=11307904335908
successfully completed order for id=180899643428
trying 0
11307904368676
[0mPOST /draft [32m200 [0m0.713 ms - 2[0m
placed draft order with id=180903936036, for variant=11307904368676
successfully completed order for id=180903936036
trying 1
11307904565284
placed draft order with id=180904001572, for variant=11307904565284
successfully completed order for id=180904001572
trying 2
11307904565284
placed draft order with id=180904034340, for variant=11307904565284
successfully completed order for id=180904034340
trying 3
11307904368676
placed draft order with id=180904099876, for variant=11307904368676
successfully completed order for id=180904099876
trying 4
11307904565284
placed draft order with id=180904165412, for variant=11307904565284
successfully completed order for id=180904165412
trying 5
11141258739748
placed draft order with id=180904198180, for variant=11141258739748
successfully completed order for id=180904198180
trying 6
11307904368676
placed draft order with id=180904230948, for variant=11307904368676
successfully completed order for id=180904230948
trying 7
11307904499748
placed draft order with id=180904263716, for variant=11307904499748
successfully completed order for id=180904263716
trying 8
11307904565284
placed draft order with id=180904296484, for variant=11307904565284
successfully completed order for id=180904296484
trying 9
11141258739748
placed draft order with id=180904329252, for variant=11141258739748
successfully completed order for id=180904329252
trying 10
11141258739748
placed draft order with id=180904394788, for variant=11141258739748
successfully completed order for id=180904394788
trying 11
11307904303140
placed draft order with id=180904427556, for variant=11307904303140
successfully completed order for id=180904427556
trying 12
11141258739748
placed draft order with id=180904460324, for variant=11141258739748
successfully completed order for id=180904460324
trying 13
11307904565284
placed draft order with id=180904493092, for variant=11307904565284
successfully completed order for id=180904493092
trying 14
11307904499748
placed draft order with id=180904525860, for variant=11307904499748
successfully completed order for id=180904525860
trying 15
11307904565284
placed draft order with id=180904558628, for variant=11307904565284
successfully completed order for id=180904558628
trying 16
11307904532516
placed draft order with id=180904591396, for variant=11307904532516
successfully completed order for id=180904591396
trying 17
11307904565284
placed draft order with id=180904624164, for variant=11307904565284
successfully completed order for id=180904624164
trying 18
11307904532516
placed draft order with id=180904656932, for variant=11307904532516
successfully completed order for id=180904656932
trying 19
11307904466980
placed draft order with id=180904722468, for variant=11307904466980
successfully completed order for id=180904722468
trying 20
11307904368676
placed draft order with id=180904755236, for variant=11307904368676
successfully completed order for id=180904755236
trying 21
11307904532516
placed draft order with id=180904820772, for variant=11307904532516
successfully completed order for id=180904820772
trying 22
11307904499748
placed draft order with id=180904853540, for variant=11307904499748
successfully completed order for id=180904853540
trying 23
11141258739748
placed draft order with id=180904886308, for variant=11141258739748
successfully completed order for id=180904886308
trying 24
11307904499748
placed draft order with id=180904919076, for variant=11307904499748
successfully completed order for id=180904919076
trying 25
11307904368676
placed draft order with id=180904951844, for variant=11307904368676
successfully completed order for id=180904951844
trying 26
11307904532516
placed draft order with id=180905017380, for variant=11307904532516
successfully completed order for id=180905017380
trying 27
11307904466980
placed draft order with id=180905115684, for variant=11307904466980
successfully completed order for id=180905115684
trying 28
11307904499748
placed draft order with id=180905148452, for variant=11307904499748
successfully completed order for id=180905148452
trying 29
11307904368676
placed draft order with id=180905213988, for variant=11307904368676
successfully completed order for id=180905213988
trying 30
11307904303140
placed draft order with id=180905246756, for variant=11307904303140
successfully completed order for id=180905246756
trying 31
11307904303140
placed draft order with id=180905279524, for variant=11307904303140
successfully completed order for id=180905279524
trying 32
11307904466980
placed draft order with id=180905312292, for variant=11307904466980
successfully completed order for id=180905312292
trying 33
11307904335908
placed draft order with id=180905410596, for variant=11307904335908
successfully completed order for id=180905410596
trying 34
11307904335908
placed draft order with id=180905476132, for variant=11307904335908
successfully completed order for id=180905476132
trying 35
11307904335908
placed draft order with id=180905508900, for variant=11307904335908
successfully completed order for id=180905508900
trying 36
11307904466980
placed draft order with id=180905541668, for variant=11307904466980
successfully completed order for id=180905541668
trying 37
11307904532516
placed draft order with id=180905574436, for variant=11307904532516
successfully completed order for id=180905574436
trying 38
11141258739748
placed draft order with id=180905607204, for variant=11141258739748
successfully completed order for id=180905607204
trying 39
11307904499748
placed draft order with id=180905705508, for variant=11307904499748
successfully completed order for id=180905705508
trying 40
11307904335908
placed draft order with id=180905738276, for variant=11307904335908
successfully completed order for id=180905738276
trying 41
11307904335908
placed draft order with id=180905771044, for variant=11307904335908
successfully completed order for id=180905771044
trying 42
11307904499748
placed draft order with id=180905836580, for variant=11307904499748
successfully completed order for id=180905836580
trying 43
11307904466980
placed draft order with id=180906000420, for variant=11307904466980
successfully completed order for id=180906000420
trying 44
11307904368676
placed draft order with id=180906131492, for variant=11307904368676
successfully completed order for id=180906131492
trying 45
11307904565284
placed draft order with id=180906295332, for variant=11307904565284
successfully completed order for id=180906295332
trying 46
11307904335908
placed draft order with id=180906393636, for variant=11307904335908
successfully completed order for id=180906393636
trying 47
11307904499748
placed draft order with id=180906426404, for variant=11307904499748
successfully completed order for id=180906426404
trying 48
11307904303140
placed draft order with id=180906524708, for variant=11307904303140
successfully completed order for id=180906524708
trying 49
11307904335908
placed draft order with id=180906557476, for variant=11307904335908
successfully completed order for id=180906557476
trying 50
11307904466980
placed draft order with id=180906590244, for variant=11307904466980
successfully completed order for id=180906590244
trying 51
11307904499748
placed draft order with id=180906655780, for variant=11307904499748
successfully completed order for id=180906655780
trying 52
11307904532516
placed draft order with id=180906721316, for variant=11307904532516
successfully completed order for id=180906721316
trying 53
11307904401444
placed draft order with id=180906786852, for variant=11307904401444
successfully completed order for id=180906786852
trying 54
11307904303140
placed draft order with id=180906819620, for variant=11307904303140
successfully completed order for id=180906819620
trying 55
11307904499748
placed draft order with id=180906885156, for variant=11307904499748
successfully completed order for id=180906885156
trying 56
11307904401444
placed draft order with id=180907016228, for variant=11307904401444
successfully completed order for id=180907016228
trying 57
11307904303140
placed draft order with id=180907147300, for variant=11307904303140
successfully completed order for id=180907147300
trying 58
11307904565284
placed draft order with id=180907212836, for variant=11307904565284
successfully completed order for id=180907212836
trying 59
11307904368676
placed draft order with id=180907245604, for variant=11307904368676
successfully completed order for id=180907245604
trying 60
11307904499748
placed draft order with id=180907278372, for variant=11307904499748
successfully completed order for id=180907278372
trying 61
11307904401444
placed draft order with id=180907343908, for variant=11307904401444
successfully completed order for id=180907343908
trying 62
11307904532516
placed draft order with id=180907376676, for variant=11307904532516
successfully completed order for id=180907376676
trying 63
11141258739748
placed draft order with id=180907409444, for variant=11141258739748
successfully completed order for id=180907409444
trying 64
11307904401444
placed draft order with id=180907540516, for variant=11307904401444
successfully completed order for id=180907540516
trying 65
11141258739748
placed draft order with id=180907573284, for variant=11141258739748
successfully completed order for id=180907573284
trying 66
11307904368676
placed draft order with id=180907606052, for variant=11307904368676
successfully completed order for id=180907606052
trying 67
11307904466980
placed draft order with id=180907638820, for variant=11307904466980
successfully completed order for id=180907638820
trying 68
11307904499748
placed draft order with id=180907671588, for variant=11307904499748
successfully completed order for id=180907671588
trying 69
11141258739748
placed draft order with id=180907737124, for variant=11141258739748
successfully completed order for id=180907737124
trying 70
11307904368676
placed draft order with id=180907769892, for variant=11307904368676
successfully completed order for id=180907769892
trying 71
11307904401444
placed draft order with id=180907802660, for variant=11307904401444
successfully completed order for id=180907802660
trying 72
11307904532516
placed draft order with id=180907868196, for variant=11307904532516
successfully completed order for id=180907868196
trying 73
11307904532516
placed draft order with id=180907966500, for variant=11307904532516
successfully completed order for id=180907966500
trying 74
11307904565284
placed draft order with id=180908032036, for variant=11307904565284
successfully completed order for id=180908032036
trying 75
11307904303140
placed draft order with id=180908064804, for variant=11307904303140
successfully completed order for id=180908064804
trying 76
11307904499748
placed draft order with id=180908097572, for variant=11307904499748
successfully completed order for id=180908097572
trying 77
11307904499748
placed draft order with id=180908130340, for variant=11307904499748
successfully completed order for id=180908130340
trying 78
11307904532516
placed draft order with id=180908163108, for variant=11307904532516
successfully completed order for id=180908163108
trying 79
11141258739748
placed draft order with id=180908195876, for variant=11141258739748
successfully completed order for id=180908195876
trying 80
11307904401444
placed draft order with id=180908261412, for variant=11307904401444
successfully completed order for id=180908261412
trying 81
11307904466980
placed draft order with id=180908326948, for variant=11307904466980
successfully completed order for id=180908326948
trying 82
11307904466980
placed draft order with id=180908392484, for variant=11307904466980
successfully completed order for id=180908392484
trying 83
11307904335908
placed draft order with id=180908425252, for variant=11307904335908
successfully completed order for id=180908425252
trying 84
11141258739748
placed draft order with id=180908523556, for variant=11141258739748
successfully completed order for id=180908523556
trying 85
11307904499748
placed draft order with id=180908556324, for variant=11307904499748
successfully completed order for id=180908556324
trying 86
11307904368676
placed draft order with id=180908589092, for variant=11307904368676
successfully completed order for id=180908589092
trying 87
11307904466980
placed draft order with id=180908654628, for variant=11307904466980
successfully completed order for id=180908654628
trying 88
11307904368676
placed draft order with id=180908720164, for variant=11307904368676
successfully completed order for id=180908720164
trying 89
11307904368676
placed draft order with id=180908752932, for variant=11307904368676
successfully completed order for id=180908752932
trying 90
11141258739748
placed draft order with id=180908851236, for variant=11141258739748
successfully completed order for id=180908851236
trying 91
11307904368676
placed draft order with id=180908884004, for variant=11307904368676
successfully completed order for id=180908884004
trying 92
11307904303140
placed draft order with id=180908949540, for variant=11307904303140
successfully completed order for id=180908949540
trying 93
11307904335908
placed draft order with id=180909047844, for variant=11307904335908
successfully completed order for id=180909047844
trying 94
11307904368676
placed draft order with id=180909080612, for variant=11307904368676
successfully completed order for id=180909080612
trying 95
11307904303140
placed draft order with id=180909113380, for variant=11307904303140
successfully completed order for id=180909113380
trying 96
11307904532516
placed draft order with id=180909178916, for variant=11307904532516
successfully completed order for id=180909178916
trying 97
11307904565284
placed draft order with id=180909244452, for variant=11307904565284
successfully completed order for id=180909244452
trying 98
11307904401444
placed draft order with id=180909309988, for variant=11307904401444
successfully completed order for id=180909309988
trying 99
11307904368676
placed draft order with id=180909342756, for variant=11307904368676
successfully completed order for id=180909342756
trying 100
11307904466980
placed draft order with id=180909408292, for variant=11307904466980
successfully completed order for id=180909408292
trying 101
11307904303140
placed draft order with id=180909473828, for variant=11307904303140
successfully completed order for id=180909473828
trying 102
11307904368676
placed draft order with id=180909506596, for variant=11307904368676
successfully completed order for id=180909506596
trying 103
11307904303140
placed draft order with id=180909539364, for variant=11307904303140
successfully completed order for id=180909539364
trying 104
11307904303140
placed draft order with id=180909604900, for variant=11307904303140
successfully completed order for id=180909604900
trying 105
11307904532516
placed draft order with id=180909670436, for variant=11307904532516
successfully completed order for id=180909670436
trying 106
11307904368676
placed draft order with id=180909703204, for variant=11307904368676
successfully completed order for id=180909703204
trying 107
11307904565284
placed draft order with id=180909735972, for variant=11307904565284
successfully completed order for id=180909735972
trying 108
11307904368676
placed draft order with id=180909768740, for variant=11307904368676
successfully completed order for id=180909768740
trying 109
11307904368676
placed draft order with id=180909867044, for variant=11307904368676
successfully completed order for id=180909867044
trying 110
11307904335908
placed draft order with id=180909932580, for variant=11307904335908
successfully completed order for id=180909932580
trying 111
11307904532516
placed draft order with id=180909965348, for variant=11307904532516
successfully completed order for id=180909965348
trying 112
11307904466980
placed draft order with id=180909998116, for variant=11307904466980
successfully completed order for id=180909998116
trying 113
11307904499748
placed draft order with id=180910063652, for variant=11307904499748
unable to complete order for id=180910063652, error=RequestError: Error: read ETIMEDOUT
trying 114
11307904532516
placed draft order with id=180913274916, for variant=11307904532516
successfully completed order for id=180913274916
trying 115
11307904303140
placed draft order with id=180913307684, for variant=11307904303140
successfully completed order for id=180913307684
trying 116
11307904532516
placed draft order with id=180913373220, for variant=11307904532516
successfully completed order for id=180913373220
trying 117
11307904466980
placed draft order with id=180913405988, for variant=11307904466980
successfully completed order for id=180913405988
trying 118
11307904401444
placed draft order with id=180913471524, for variant=11307904401444
successfully completed order for id=180913471524
trying 119
11307904466980
placed draft order with id=180913569828, for variant=11307904466980
successfully completed order for id=180913569828
trying 120
11307904401444
placed draft order with id=180913635364, for variant=11307904401444
successfully completed order for id=180913635364
trying 121
11307904499748
placed draft order with id=180913799204, for variant=11307904499748
successfully completed order for id=180913799204
trying 122
11307904499748
placed draft order with id=180913831972, for variant=11307904499748
successfully completed order for id=180913831972
trying 123
11307904401444
placed draft order with id=180913963044, for variant=11307904401444
successfully completed order for id=180913963044
trying 124
11307904335908
placed draft order with id=180914028580, for variant=11307904335908
successfully completed order for id=180914028580
trying 125
11307904401444
placed draft order with id=180914061348, for variant=11307904401444
successfully completed order for id=180914061348
trying 126
11307904368676
placed draft order with id=180914126884, for variant=11307904368676
successfully completed order for id=180914126884
trying 127
11307904466980
placed draft order with id=180914192420, for variant=11307904466980
successfully completed order for id=180914192420
trying 128
11307904499748
placed draft order with id=180914290724, for variant=11307904499748
successfully completed order for id=180914290724
trying 129
11307904303140
placed draft order with id=180914356260, for variant=11307904303140
successfully completed order for id=180914356260
trying 130
11141258739748
placed draft order with id=180914389028, for variant=11141258739748
successfully completed order for id=180914389028
trying 131
11307904368676
placed draft order with id=180914520100, for variant=11307904368676
successfully completed order for id=180914520100
trying 132
11307904303140
placed draft order with id=180914552868, for variant=11307904303140
successfully completed order for id=180914552868
trying 133
11307904335908
placed draft order with id=180914651172, for variant=11307904335908
successfully completed order for id=180914651172
trying 134
11307904565284
placed draft order with id=180916322340, for variant=11307904565284
successfully completed order for id=180916322340
trying 135
11141258739748
placed draft order with id=180916355108, for variant=11141258739748
successfully completed order for id=180916355108
trying 136
11141258739748
placed draft order with id=180916420644, for variant=11141258739748
successfully completed order for id=180916420644
trying 137
11307904499748
placed draft order with id=180916551716, for variant=11307904499748
successfully completed order for id=180916551716
trying 138
11307904335908
placed draft order with id=180916617252, for variant=11307904335908
successfully completed order for id=180916617252
trying 139
11307904401444
placed draft order with id=180916682788, for variant=11307904401444
successfully completed order for id=180916682788
trying 140
11307904401444
placed draft order with id=180916813860, for variant=11307904401444
successfully completed order for id=180916813860
trying 141
11307904368676
placed draft order with id=180916879396, for variant=11307904368676
successfully completed order for id=180916879396
trying 142
11307904335908
placed draft order with id=180916944932, for variant=11307904335908
successfully completed order for id=180916944932
trying 143
11307904466980
placed draft order with id=180917076004, for variant=11307904466980
successfully completed order for id=180917076004
trying 144
11307904466980
placed draft order with id=180917108772, for variant=11307904466980
successfully completed order for id=180917108772
trying 145
11307904565284
placed draft order with id=180917174308, for variant=11307904565284
successfully completed order for id=180917174308
trying 146
11141258739748
placed draft order with id=180917207076, for variant=11141258739748
successfully completed order for id=180917207076
trying 147
11307904368676
placed draft order with id=180917338148, for variant=11307904368676
successfully completed order for id=180917338148
trying 148
11307904532516
placed draft order with id=180917436452, for variant=11307904532516
successfully completed order for id=180917436452
trying 149
11307904499748
placed draft order with id=180917469220, for variant=11307904499748
successfully completed order for id=180917469220
trying 150
11307904335908
placed draft order with id=180917501988, for variant=11307904335908
successfully completed order for id=180917501988
trying 151
11307904565284
placed draft order with id=180917534756, for variant=11307904565284
successfully completed order for id=180917534756
trying 152
11307904532516
placed draft order with id=180917567524, for variant=11307904532516
successfully completed order for id=180917567524
trying 153
11307904335908
placed draft order with id=180917600292, for variant=11307904335908
successfully completed order for id=180917600292
trying 154
11307904335908
placed draft order with id=180917633060, for variant=11307904335908
successfully completed order for id=180917633060
trying 155
11307904565284
placed draft order with id=180917665828, for variant=11307904565284
successfully completed order for id=180917665828
trying 156
11307904368676
placed draft order with id=180917731364, for variant=11307904368676
successfully completed order for id=180917731364
trying 157
11307904466980
placed draft order with id=180917764132, for variant=11307904466980
successfully completed order for id=180917764132
trying 158
11307904565284
placed draft order with id=180917796900, for variant=11307904565284
successfully completed order for id=180917796900
trying 159
11307904401444
placed draft order with id=180917862436, for variant=11307904401444
successfully completed order for id=180917862436
trying 160
11307904532516
placed draft order with id=180917895204, for variant=11307904532516
successfully completed order for id=180917895204
trying 161
11307904368676
placed draft order with id=180917960740, for variant=11307904368676
successfully completed order for id=180917960740
trying 162
11307904466980
placed draft order with id=180918026276, for variant=11307904466980
successfully completed order for id=180918026276
trying 163
11307904401444
placed draft order with id=180918091812, for variant=11307904401444
successfully completed order for id=180918091812
trying 164
11307904499748
placed draft order with id=180918124580, for variant=11307904499748
successfully completed order for id=180918124580
trying 165
11307904499748
placed draft order with id=180918255652, for variant=11307904499748
successfully completed order for id=180918255652
trying 166
11307904335908
placed draft order with id=180918321188, for variant=11307904335908
successfully completed order for id=180918321188
trying 167
11307904303140
placed draft order with id=180918353956, for variant=11307904303140
successfully completed order for id=180918353956
trying 168
11307904466980
placed draft order with id=180918386724, for variant=11307904466980
successfully completed order for id=180918386724
trying 169
11307904401444
placed draft order with id=180918419492, for variant=11307904401444
successfully completed order for id=180918419492
trying 170
11307904466980
placed draft order with id=180918452260, for variant=11307904466980
successfully completed order for id=180918452260
trying 171
11307904565284
placed draft order with id=180918517796, for variant=11307904565284
successfully completed order for id=180918517796
trying 172
11307904565284
placed draft order with id=180918583332, for variant=11307904565284
successfully completed order for id=180918583332
trying 173
11307904368676
placed draft order with id=180918616100, for variant=11307904368676
successfully completed order for id=180918616100
trying 174
11141258739748
placed draft order with id=180918648868, for variant=11141258739748
successfully completed order for id=180918648868
trying 175
11307904368676
placed draft order with id=180918681636, for variant=11307904368676
successfully completed order for id=180918681636
trying 176
11307904532516
placed draft order with id=180918714404, for variant=11307904532516
successfully completed order for id=180918714404
trying 177
11307904532516
placed draft order with id=180918747172, for variant=11307904532516
successfully completed order for id=180918747172
trying 178
11307904303140
placed draft order with id=180918845476, for variant=11307904303140
successfully completed order for id=180918845476
trying 179
11307904368676
placed draft order with id=180918943780, for variant=11307904368676
successfully completed order for id=180918943780
trying 180
11307904466980
placed draft order with id=180919107620, for variant=11307904466980
successfully completed order for id=180919107620
trying 181
11307904368676
placed draft order with id=180919271460, for variant=11307904368676
successfully completed order for id=180919271460
trying 182
11307904368676
placed draft order with id=180919336996, for variant=11307904368676
successfully completed order for id=180919336996
trying 183
11307904368676
placed draft order with id=180919369764, for variant=11307904368676
successfully completed order for id=180919369764
trying 184
11307904335908
placed draft order with id=180919402532, for variant=11307904335908
successfully completed order for id=180919402532
trying 185
11307904401444
placed draft order with id=180919435300, for variant=11307904401444
successfully completed order for id=180919435300
trying 186
11307904303140
placed draft order with id=180919533604, for variant=11307904303140
successfully completed order for id=180919533604
trying 187
11307904303140
placed draft order with id=180919631908, for variant=11307904303140
successfully completed order for id=180919631908
trying 188
11307904532516
placed draft order with id=180919762980, for variant=11307904532516
successfully completed order for id=180919762980
trying 189
11307904303140
placed draft order with id=180919795748, for variant=11307904303140
successfully completed order for id=180919795748
trying 190
11307904368676
placed draft order with id=180919861284, for variant=11307904368676
successfully completed order for id=180919861284
trying 191
11307904368676
placed draft order with id=180919959588, for variant=11307904368676
successfully completed order for id=180919959588
trying 192
11307904335908
placed draft order with id=180920025124, for variant=11307904335908
successfully completed order for id=180920025124
trying 193
11307904368676
placed draft order with id=180920090660, for variant=11307904368676
successfully completed order for id=180920090660
trying 194
11307904466980
placed draft order with id=180920188964, for variant=11307904466980
successfully completed order for id=180920188964
trying 195
11307904466980
placed draft order with id=180920287268, for variant=11307904466980
successfully completed order for id=180920287268
trying 196
11307904335908
placed draft order with id=180920352804, for variant=11307904335908
successfully completed order for id=180920352804
trying 197
11307904466980
placed draft order with id=180920418340, for variant=11307904466980
successfully completed order for id=180920418340
trying 198
11307904368676
placed draft order with id=180920516644, for variant=11307904368676
successfully completed order for id=180920516644
trying 199
11307904368676
placed draft order with id=180920549412, for variant=11307904368676
successfully completed order for id=180920549412
trying 0
11141258739748
[0mPOST /draft [32m200 [0m0.672 ms - 2[0m
placed draft order with id=180922810404, for variant=11141258739748
successfully completed order for id=180922810404
trying 1
11307904532516
placed draft order with id=180922908708, for variant=11307904532516
successfully completed order for id=180922908708
trying 2
11307904532516
placed draft order with id=180923007012, for variant=11307904532516
successfully completed order for id=180923007012
trying 3
11307904499748
placed draft order with id=180923072548, for variant=11307904499748
successfully completed order for id=180923072548
trying 4
11307904368676
placed draft order with id=180923170852, for variant=11307904368676
successfully completed order for id=180923170852
trying 5
11307904368676
placed draft order with id=180923269156, for variant=11307904368676
successfully completed order for id=180923269156
trying 6
11307904565284
placed draft order with id=180923334692, for variant=11307904565284
successfully completed order for id=180923334692
trying 7
11307904499748
placed draft order with id=180923367460, for variant=11307904499748
successfully completed order for id=180923367460
trying 8
11307904565284
placed draft order with id=180923498532, for variant=11307904565284
successfully completed order for id=180923498532
trying 9
11307904368676
placed draft order with id=180923629604, for variant=11307904368676
successfully completed order for id=180923629604
trying 10
11307904401444
placed draft order with id=180923662372, for variant=11307904401444
successfully completed order for id=180923662372
trying 11
11307904532516
placed draft order with id=180923695140, for variant=11307904532516
successfully completed order for id=180923695140
trying 12
11307904466980
placed draft order with id=180923891748, for variant=11307904466980
successfully completed order for id=180923891748
trying 13
11307904466980
placed draft order with id=180923924516, for variant=11307904466980
successfully completed order for id=180923924516
trying 14
11307904335908
placed draft order with id=180924121124, for variant=11307904335908
successfully completed order for id=180924121124
trying 15
11307904565284
placed draft order with id=180924219428, for variant=11307904565284
successfully completed order for id=180924219428
trying 16
11307904499748
placed draft order with id=180924284964, for variant=11307904499748
successfully completed order for id=180924284964
trying 17
11307904499748
placed draft order with id=180924317732, for variant=11307904499748
successfully completed order for id=180924317732
trying 18
11307904368676
placed draft order with id=180924416036, for variant=11307904368676
successfully completed order for id=180924416036
trying 19
11307904565284
placed draft order with id=180924481572, for variant=11307904565284
successfully completed order for id=180924481572
trying 20
11307904335908
placed draft order with id=180924514340, for variant=11307904335908
successfully completed order for id=180924514340
trying 21
11141258739748
placed draft order with id=180924612644, for variant=11141258739748
successfully completed order for id=180924612644
trying 22
11307904565284
placed draft order with id=180924678180, for variant=11307904565284
successfully completed order for id=180924678180
trying 23
11307904368676
placed draft order with id=180924710948, for variant=11307904368676
successfully completed order for id=180924710948
trying 24
11307904368676
placed draft order with id=180924743716, for variant=11307904368676
successfully completed order for id=180924743716
trying 25
11307904368676
placed draft order with id=180924776484, for variant=11307904368676
successfully completed order for id=180924776484
trying 26
11307904368676
placed draft order with id=180924809252, for variant=11307904368676
successfully completed order for id=180924809252
trying 27
11307904401444
placed draft order with id=180924907556, for variant=11307904401444
successfully completed order for id=180924907556
trying 28
11307904466980
placed draft order with id=180925136932, for variant=11307904466980
successfully completed order for id=180925136932
trying 29
11141258739748
placed draft order with id=180925235236, for variant=11141258739748
successfully completed order for id=180925235236
trying 30
11307904303140
placed draft order with id=180925300772, for variant=11307904303140
successfully completed order for id=180925300772
trying 31
11307904335908
placed draft order with id=180925366308, for variant=11307904335908
successfully completed order for id=180925366308
trying 32
11307904532516
placed draft order with id=180925464612, for variant=11307904532516
successfully completed order for id=180925464612
trying 33
11307904335908
placed draft order with id=180925497380, for variant=11307904335908
successfully completed order for id=180925497380
trying 34
11307904499748
placed draft order with id=180925628452, for variant=11307904499748
successfully completed order for id=180925628452
trying 35
11141258739748
placed draft order with id=180925661220, for variant=11141258739748
successfully completed order for id=180925661220
trying 36
11307904499748
placed draft order with id=180925792292, for variant=11307904499748
successfully completed order for id=180925792292
trying 37
11307904303140
placed draft order with id=180925825060, for variant=11307904303140
successfully completed order for id=180925825060
trying 38
11307904532516
placed draft order with id=180925956132, for variant=11307904532516
successfully completed order for id=180925956132
trying 39
11307904368676
placed draft order with id=180926054436, for variant=11307904368676
successfully completed order for id=180926054436
trying 40
11307904565284
placed draft order with id=180926119972, for variant=11307904565284
successfully completed order for id=180926119972
trying 41
11141258739748
placed draft order with id=180926152740, for variant=11141258739748
successfully completed order for id=180926152740
trying 42
11307904565284
placed draft order with id=180926185508, for variant=11307904565284
successfully completed order for id=180926185508
trying 43
11307904466980
placed draft order with id=180926218276, for variant=11307904466980
successfully completed order for id=180926218276
trying 44
11307904565284
placed draft order with id=180926251044, for variant=11307904565284
successfully completed order for id=180926251044
trying 45
11307904499748
placed draft order with id=180926349348, for variant=11307904499748
successfully completed order for id=180926349348
trying 46
11307904499748
placed draft order with id=180926414884, for variant=11307904499748
successfully completed order for id=180926414884
trying 47
11307904368676
placed draft order with id=180926447652, for variant=11307904368676
successfully completed order for id=180926447652
trying 48
11307904335908
placed draft order with id=180926545956, for variant=11307904335908
successfully completed order for id=180926545956
trying 49
11307904401444
placed draft order with id=180926644260, for variant=11307904401444
successfully completed order for id=180926644260
trying 50
11141258739748
placed draft order with id=180926677028, for variant=11141258739748
successfully completed order for id=180926677028
trying 51
11307904565284
placed draft order with id=180926742564, for variant=11307904565284
successfully completed order for id=180926742564
trying 52
11307904565284
placed draft order with id=180929134628, for variant=11307904565284
successfully completed order for id=180929134628
trying 53
11307904401444
placed draft order with id=180929232932, for variant=11307904401444
successfully completed order for id=180929232932
trying 54
11307904532516
placed draft order with id=180929331236, for variant=11307904532516
successfully completed order for id=180929331236
trying 55
11307904368676
placed draft order with id=180929495076, for variant=11307904368676
successfully completed order for id=180929495076
trying 56
11307904565284
placed draft order with id=180929527844, for variant=11307904565284
successfully completed order for id=180929527844
trying 57
11307904401444
placed draft order with id=180929560612, for variant=11307904401444
successfully completed order for id=180929560612
trying 58
11307904466980
placed draft order with id=180929691684, for variant=11307904466980
successfully completed order for id=180929691684
trying 59
11307904368676
placed draft order with id=180929855524, for variant=11307904368676
successfully completed order for id=180929855524
trying 60
11307904532516
placed draft order with id=180929953828, for variant=11307904532516
successfully completed order for id=180929953828
trying 61
11307904499748
placed draft order with id=180930150436, for variant=11307904499748
successfully completed order for id=180930150436
trying 62
11307904532516
placed draft order with id=180930215972, for variant=11307904532516
successfully completed order for id=180930215972
trying 63
11307904335908
placed draft order with id=180930248740, for variant=11307904335908
successfully completed order for id=180930248740
trying 64
11307904401444
placed draft order with id=180930314276, for variant=11307904401444
successfully completed order for id=180930314276
trying 65
11141258739748
placed draft order with id=180930379812, for variant=11141258739748
successfully completed order for id=180930379812
trying 66
11307904401444
placed draft order with id=180930412580, for variant=11307904401444
successfully completed order for id=180930412580
trying 67
11307904303140
placed draft order with id=180930478116, for variant=11307904303140
successfully completed order for id=180930478116
trying 68
11307904532516
placed draft order with id=180930543652, for variant=11307904532516
successfully completed order for id=180930543652
trying 69
11307904499748
placed draft order with id=180930576420, for variant=11307904499748
successfully completed order for id=180930576420
trying 70
11307904335908
placed draft order with id=180930641956, for variant=11307904335908
successfully completed order for id=180930641956
trying 71
11307904303140
placed draft order with id=180930740260, for variant=11307904303140
successfully completed order for id=180930740260
trying 72
11307904532516
placed draft order with id=180930805796, for variant=11307904532516
successfully completed order for id=180930805796
trying 73
11307904499748
placed draft order with id=180930871332, for variant=11307904499748
successfully completed order for id=180930871332
trying 74
11307904401444
placed draft order with id=180930904100, for variant=11307904401444
successfully completed order for id=180930904100
trying 75
11307904466980
placed draft order with id=180931002404, for variant=11307904466980
successfully completed order for id=180931002404
trying 76
11307904532516
placed draft order with id=180931067940, for variant=11307904532516
successfully completed order for id=180931067940
trying 77
11307904466980
placed draft order with id=180931100708, for variant=11307904466980
successfully completed order for id=180931100708
trying 78
11307904335908
placed draft order with id=180931330084, for variant=11307904335908
successfully completed order for id=180931330084
trying 79
11307904335908
placed draft order with id=180931526692, for variant=11307904335908
successfully completed order for id=180931526692
trying 80
11307904401444
placed draft order with id=180931624996, for variant=11307904401444
successfully completed order for id=180931624996
trying 81
11307904565284
placed draft order with id=180931756068, for variant=11307904565284
successfully completed order for id=180931756068
trying 82
11307904368676
[33m[nodemon] 1.19.0[39m
[33m[nodemon] to restart at any time, enter `rs`[39m
[33m[nodemon] watching: *.*[39m
[32m[nodemon] starting `node ./bin/www start`[39m
Listening on port 8080
